2024-03-10 17:22:26.601 | ERROR    | __main__:main:32 - mode error
2024-03-10 18:05:38.651 | ERROR    | cmd_tools.woker:__init__:31 - ip is not valid
2024-03-11 00:00:50.250 | ERROR    | tools.ip.ip_tools:check_ip_if_valid:23 - ip is not valid
2024-03-11 00:00:50.250 | ERROR    | tools.ip.ip_tools:check_ip_if_valid:23 - ip is not valid
2024-03-11 00:00:50.250 | ERROR    | tools.ip.ip_tools:check_ip_if_valid:23 - ip is not valid
2024-03-11 00:00:50.258 | ERROR    | cmd_tools.woker:__init__:40 - ip is not valid
2024-03-11 00:00:50.258 | ERROR    | cmd_tools.woker:__init__:40 - ip is not valid
2024-03-11 00:00:50.258 | ERROR    | cmd_tools.woker:__init__:40 - ip is not valid
2024-03-11 19:55:08.395 | ERROR    | tools.socket.server:send_msg:58 - 'NoneType' object has no attribute 'send'
2024-03-11 19:55:08.395 | ERROR    | tools.socket.server:send_msg:58 - 'NoneType' object has no attribute 'send'
2024-03-11 19:55:08.395 | ERROR    | tools.socket.server:send_msg:58 - 'NoneType' object has no attribute 'send'
2024-03-11 19:55:08.403 | ERROR    | cmd_tools.woker:send_cmd:92 - 'NoneType' object has no attribute 'recv'
2024-03-11 19:55:08.403 | ERROR    | cmd_tools.woker:send_cmd:92 - 'NoneType' object has no attribute 'recv'
2024-03-11 19:55:08.403 | ERROR    | cmd_tools.woker:send_cmd:92 - 'NoneType' object has no attribute 'recv'
2024-03-12T00:04:41.967911+0800 ERROR ip can't connect
2024-03-12 00:04:41.967 | ERROR    | tools.ip.ip_tools:check_ip_if_connectable:68 - ip can't connect
2024-03-12 00:04:41.967 | ERROR    | tools.ip.ip_tools:check_ip_if_connectable:68 - ip can't connect
2024-03-12 00:04:41.967 | ERROR    | tools.ip.ip_tools:check_ip_if_connectable:68 - ip can't connect
2024-03-12T00:05:30.711603+0800 ERROR ip can't connect
2024-03-12 00:05:30.711 | ERROR    | tools.ip.ip_tools:check_ip_if_connectable:68 - ip can't connect
2024-03-12 00:05:30.711 | ERROR    | tools.ip.ip_tools:check_ip_if_connectable:68 - ip can't connect
2024-03-12 00:05:30.711 | ERROR    | tools.ip.ip_tools:check_ip_if_connectable:68 - ip can't connect
2024-03-12T00:05:55.007652+0800 ERROR ip can't connect
2024-03-12 00:05:55.007 | ERROR    | tools.ip.ip_tools:check_ip_if_connectable:68 - ip can't connect
2024-03-12 00:05:55.007 | ERROR    | tools.ip.ip_tools:check_ip_if_connectable:68 - ip can't connect
2024-03-12 00:05:55.007 | ERROR    | tools.ip.ip_tools:check_ip_if_connectable:68 - ip can't connect
2024-03-12T00:06:36.170251+0800 ERROR ip can't connect
2024-03-12 00:06:36.170 | ERROR    | tools.ip.ip_tools:check_ip_if_connectable:68 - ip can't connect
2024-03-12 00:06:36.170 | ERROR    | tools.ip.ip_tools:check_ip_if_connectable:68 - ip can't connect
2024-03-12 00:06:36.170 | ERROR    | tools.ip.ip_tools:check_ip_if_connectable:68 - ip can't connect
2024-03-12T00:06:36.174713+0800 ERROR es host is not connectable
2024-03-12 00:06:36.174 | ERROR    | cmd_tools.woker:__init__:66 - es host is not connectable
2024-03-12 00:06:36.174 | ERROR    | cmd_tools.woker:__init__:66 - es host is not connectable
2024-03-12 00:06:36.174 | ERROR    | cmd_tools.woker:__init__:66 - es host is not connectable
2024-03-12T00:07:11.250760+0800 ERROR ip can't connect
2024-03-12 00:07:11.250 | ERROR    | tools.ip.ip_tools:check_ip_if_connectable:68 - ip can't connect
2024-03-12 00:07:11.250 | ERROR    | tools.ip.ip_tools:check_ip_if_connectable:68 - ip can't connect
2024-03-12 00:07:11.250 | ERROR    | tools.ip.ip_tools:check_ip_if_connectable:68 - ip can't connect
2024-03-12T00:07:11.256575+0800 ERROR es host is not connectable
2024-03-12 00:07:11.256 | ERROR    | cmd_tools.woker:__init__:66 - es host is not connectable
2024-03-12 00:07:11.256 | ERROR    | cmd_tools.woker:__init__:66 - es host is not connectable
2024-03-12 00:07:11.256 | ERROR    | cmd_tools.woker:__init__:66 - es host is not connectable
2024-03-12T00:39:07.720695+0800 ERROR [WinError 10054] 远程主机强迫关闭了一个现有的连接。
2024-03-12 00:39:07.720 | ERROR    | cmd_tools.woker:send_cmd:126 - [WinError 10054] 远程主机强迫关闭了一个现有的连接。
2024-03-12 00:39:07.720 | ERROR    | cmd_tools.woker:send_cmd:126 - [WinError 10054] 远程主机强迫关闭了一个现有的连接。
2024-03-12 00:39:07.720 | ERROR    | cmd_tools.woker:send_cmd:126 - [WinError 10054] 远程主机强迫关闭了一个现有的连接。
2024-03-12T00:47:43.230387+0800 ERROR [WinError 10054] 远程主机强迫关闭了一个现有的连接。
2024-03-12 00:47:43.230 | ERROR    | cmd_tools.woker:send_cmd:126 - [WinError 10054] 远程主机强迫关闭了一个现有的连接。
2024-03-12 00:47:43.230 | ERROR    | cmd_tools.woker:send_cmd:126 - [WinError 10054] 远程主机强迫关闭了一个现有的连接。
2024-03-12 00:47:43.230 | ERROR    | cmd_tools.woker:send_cmd:126 - [WinError 10054] 远程主机强迫关闭了一个现有的连接。
2024-03-12T00:50:25.620292+0800 ERROR [WinError 10054] 远程主机强迫关闭了一个现有的连接。
2024-03-12 00:50:25.620 | ERROR    | tools.socket.server:send_msg:61 - [WinError 10054] 远程主机强迫关闭了一个现有的连接。
2024-03-12 00:50:25.620 | ERROR    | tools.socket.server:send_msg:61 - [WinError 10054] 远程主机强迫关闭了一个现有的连接。
2024-03-12 00:50:25.620 | ERROR    | tools.socket.server:send_msg:61 - [WinError 10054] 远程主机强迫关闭了一个现有的连接。
2024-03-12T00:50:25.622307+0800 ERROR [WinError 10054] 远程主机强迫关闭了一个现有的连接。
2024-03-12 00:50:25.622 | ERROR    | cmd_tools.woker:send_cmd:126 - [WinError 10054] 远程主机强迫关闭了一个现有的连接。
2024-03-12 00:50:25.622 | ERROR    | cmd_tools.woker:send_cmd:126 - [WinError 10054] 远程主机强迫关闭了一个现有的连接。
2024-03-12 00:50:25.622 | ERROR    | cmd_tools.woker:send_cmd:126 - [WinError 10054] 远程主机强迫关闭了一个现有的连接。
2024-03-12T00:50:27.316603+0800 ERROR [WinError 10054] 远程主机强迫关闭了一个现有的连接。
2024-03-12 00:50:27.316 | ERROR    | tools.socket.server:send_msg:61 - [WinError 10054] 远程主机强迫关闭了一个现有的连接。
2024-03-12 00:50:27.316 | ERROR    | tools.socket.server:send_msg:61 - [WinError 10054] 远程主机强迫关闭了一个现有的连接。
2024-03-12 00:50:27.316 | ERROR    | tools.socket.server:send_msg:61 - [WinError 10054] 远程主机强迫关闭了一个现有的连接。
2024-03-12T00:50:27.318640+0800 ERROR [WinError 10054] 远程主机强迫关闭了一个现有的连接。
2024-03-12 00:50:27.318 | ERROR    | cmd_tools.woker:send_cmd:126 - [WinError 10054] 远程主机强迫关闭了一个现有的连接。
2024-03-12 00:50:27.318 | ERROR    | cmd_tools.woker:send_cmd:126 - [WinError 10054] 远程主机强迫关闭了一个现有的连接。
2024-03-12 00:50:27.318 | ERROR    | cmd_tools.woker:send_cmd:126 - [WinError 10054] 远程主机强迫关闭了一个现有的连接。
2024-03-12T00:50:27.501123+0800 ERROR [WinError 10054] 远程主机强迫关闭了一个现有的连接。
2024-03-12 00:50:27.501 | ERROR    | tools.socket.server:send_msg:61 - [WinError 10054] 远程主机强迫关闭了一个现有的连接。
2024-03-12 00:50:27.501 | ERROR    | tools.socket.server:send_msg:61 - [WinError 10054] 远程主机强迫关闭了一个现有的连接。
2024-03-12 00:50:27.501 | ERROR    | tools.socket.server:send_msg:61 - [WinError 10054] 远程主机强迫关闭了一个现有的连接。
2024-03-12T00:50:27.503294+0800 ERROR [WinError 10054] 远程主机强迫关闭了一个现有的连接。
2024-03-12 00:50:27.503 | ERROR    | cmd_tools.woker:send_cmd:126 - [WinError 10054] 远程主机强迫关闭了一个现有的连接。
2024-03-12 00:50:27.503 | ERROR    | cmd_tools.woker:send_cmd:126 - [WinError 10054] 远程主机强迫关闭了一个现有的连接。
2024-03-12 00:50:27.503 | ERROR    | cmd_tools.woker:send_cmd:126 - [WinError 10054] 远程主机强迫关闭了一个现有的连接。
2024-03-12T00:54:52.402644+0800 ERROR [WinError 10054] 远程主机强迫关闭了一个现有的连接。
2024-03-12 00:54:52.402 | ERROR    | tools.socket.server:send_msg:61 - [WinError 10054] 远程主机强迫关闭了一个现有的连接。
2024-03-12 00:54:52.402 | ERROR    | tools.socket.server:send_msg:61 - [WinError 10054] 远程主机强迫关闭了一个现有的连接。
2024-03-12 00:54:52.402 | ERROR    | tools.socket.server:send_msg:61 - [WinError 10054] 远程主机强迫关闭了一个现有的连接。
2024-03-12T00:54:52.404585+0800 ERROR [WinError 10054] 远程主机强迫关闭了一个现有的连接。
2024-03-12 00:54:52.404 | ERROR    | cmd_tools.woker:send_cmd:126 - [WinError 10054] 远程主机强迫关闭了一个现有的连接。
2024-03-12 00:54:52.404 | ERROR    | cmd_tools.woker:send_cmd:126 - [WinError 10054] 远程主机强迫关闭了一个现有的连接。
2024-03-12 00:54:52.404 | ERROR    | cmd_tools.woker:send_cmd:126 - [WinError 10054] 远程主机强迫关闭了一个现有的连接。
2024-03-12T00:54:52.990489+0800 ERROR [WinError 10054] 远程主机强迫关闭了一个现有的连接。
2024-03-12 00:54:52.990 | ERROR    | tools.socket.server:send_msg:61 - [WinError 10054] 远程主机强迫关闭了一个现有的连接。
2024-03-12 00:54:52.990 | ERROR    | tools.socket.server:send_msg:61 - [WinError 10054] 远程主机强迫关闭了一个现有的连接。
2024-03-12 00:54:52.990 | ERROR    | tools.socket.server:send_msg:61 - [WinError 10054] 远程主机强迫关闭了一个现有的连接。
2024-03-12T00:54:52.992643+0800 ERROR [WinError 10054] 远程主机强迫关闭了一个现有的连接。
2024-03-12 00:54:52.992 | ERROR    | cmd_tools.woker:send_cmd:126 - [WinError 10054] 远程主机强迫关闭了一个现有的连接。
2024-03-12 00:54:52.992 | ERROR    | cmd_tools.woker:send_cmd:126 - [WinError 10054] 远程主机强迫关闭了一个现有的连接。
2024-03-12 00:54:52.992 | ERROR    | cmd_tools.woker:send_cmd:126 - [WinError 10054] 远程主机强迫关闭了一个现有的连接。
2024-03-12T00:54:53.195148+0800 ERROR [WinError 10054] 远程主机强迫关闭了一个现有的连接。
2024-03-12 00:54:53.195 | ERROR    | tools.socket.server:send_msg:61 - [WinError 10054] 远程主机强迫关闭了一个现有的连接。
2024-03-12 00:54:53.195 | ERROR    | tools.socket.server:send_msg:61 - [WinError 10054] 远程主机强迫关闭了一个现有的连接。
2024-03-12 00:54:53.195 | ERROR    | tools.socket.server:send_msg:61 - [WinError 10054] 远程主机强迫关闭了一个现有的连接。
2024-03-12T00:54:53.216046+0800 ERROR [WinError 10054] 远程主机强迫关闭了一个现有的连接。
2024-03-12 00:54:53.216 | ERROR    | cmd_tools.woker:send_cmd:126 - [WinError 10054] 远程主机强迫关闭了一个现有的连接。
2024-03-12 00:54:53.216 | ERROR    | cmd_tools.woker:send_cmd:126 - [WinError 10054] 远程主机强迫关闭了一个现有的连接。
2024-03-12 00:54:53.216 | ERROR    | cmd_tools.woker:send_cmd:126 - [WinError 10054] 远程主机强迫关闭了一个现有的连接。
2024-03-12T00:54:53.405534+0800 ERROR [WinError 10054] 远程主机强迫关闭了一个现有的连接。
2024-03-12 00:54:53.405 | ERROR    | tools.socket.server:send_msg:61 - [WinError 10054] 远程主机强迫关闭了一个现有的连接。
2024-03-12 00:54:53.405 | ERROR    | tools.socket.server:send_msg:61 - [WinError 10054] 远程主机强迫关闭了一个现有的连接。
2024-03-12 00:54:53.405 | ERROR    | tools.socket.server:send_msg:61 - [WinError 10054] 远程主机强迫关闭了一个现有的连接。
2024-03-12T00:54:53.407533+0800 ERROR [WinError 10054] 远程主机强迫关闭了一个现有的连接。
2024-03-12 00:54:53.407 | ERROR    | cmd_tools.woker:send_cmd:126 - [WinError 10054] 远程主机强迫关闭了一个现有的连接。
2024-03-12 00:54:53.407 | ERROR    | cmd_tools.woker:send_cmd:126 - [WinError 10054] 远程主机强迫关闭了一个现有的连接。
2024-03-12 00:54:53.407 | ERROR    | cmd_tools.woker:send_cmd:126 - [WinError 10054] 远程主机强迫关闭了一个现有的连接。
2024-03-12T19:56:00.451454+0800 ERROR [WinError 10054] 远程主机强迫关闭了一个现有的连接。
2024-03-12 19:56:00.451 | ERROR    | tools.socket.server:send_msg:61 - [WinError 10054] 远程主机强迫关闭了一个现有的连接。
2024-03-12 19:56:00.451 | ERROR    | tools.socket.server:send_msg:61 - [WinError 10054] 远程主机强迫关闭了一个现有的连接。
2024-03-12 19:56:00.451 | ERROR    | tools.socket.server:send_msg:61 - [WinError 10054] 远程主机强迫关闭了一个现有的连接。
2024-03-12T23:04:33.210863+0800 ERROR [WinError 10053] 你的主机中的软件中止了一个已建立的连接。
2024-03-12 23:04:33.210 | ERROR    | tools.socket.server:send_msg:61 - [WinError 10053] 你的主机中的软件中止了一个已建立的连接。
2024-03-12 23:04:33.210 | ERROR    | tools.socket.server:send_msg:61 - [WinError 10053] 你的主机中的软件中止了一个已建立的连接。
2024-03-12 23:04:33.210 | ERROR    | tools.socket.server:send_msg:61 - [WinError 10053] 你的主机中的软件中止了一个已建立的连接。
2024-03-12T23:17:43.610977+0800 ERROR [WinError 10054] 远程主机强迫关闭了一个现有的连接。
2024-03-12 23:17:43.610 | ERROR    | tools.socket.server:send_msg:61 - [WinError 10054] 远程主机强迫关闭了一个现有的连接。
2024-03-12 23:17:43.610 | ERROR    | tools.socket.server:send_msg:61 - [WinError 10054] 远程主机强迫关闭了一个现有的连接。
2024-03-12 23:17:43.610 | ERROR    | tools.socket.server:send_msg:61 - [WinError 10054] 远程主机强迫关闭了一个现有的连接。
2024-03-12T23:17:43.612588+0800 ERROR [WinError 10054] 远程主机强迫关闭了一个现有的连接。
2024-03-12 23:17:43.612 | ERROR    | cmd_tools.woker:send_cmd:132 - [WinError 10054] 远程主机强迫关闭了一个现有的连接。
2024-03-12 23:17:43.612 | ERROR    | cmd_tools.woker:send_cmd:132 - [WinError 10054] 远程主机强迫关闭了一个现有的连接。
2024-03-12 23:17:43.612 | ERROR    | cmd_tools.woker:send_cmd:132 - [WinError 10054] 远程主机强迫关闭了一个现有的连接。
2024-03-12T23:17:43.809209+0800 ERROR [WinError 10054] 远程主机强迫关闭了一个现有的连接。
2024-03-12 23:17:43.809 | ERROR    | tools.socket.server:send_msg:61 - [WinError 10054] 远程主机强迫关闭了一个现有的连接。
2024-03-12 23:17:43.809 | ERROR    | tools.socket.server:send_msg:61 - [WinError 10054] 远程主机强迫关闭了一个现有的连接。
2024-03-12 23:17:43.809 | ERROR    | tools.socket.server:send_msg:61 - [WinError 10054] 远程主机强迫关闭了一个现有的连接。
2024-03-12T23:17:43.811209+0800 ERROR [WinError 10054] 远程主机强迫关闭了一个现有的连接。
2024-03-12 23:17:43.811 | ERROR    | cmd_tools.woker:send_cmd:132 - [WinError 10054] 远程主机强迫关闭了一个现有的连接。
2024-03-12 23:17:43.811 | ERROR    | cmd_tools.woker:send_cmd:132 - [WinError 10054] 远程主机强迫关闭了一个现有的连接。
2024-03-12 23:17:43.811 | ERROR    | cmd_tools.woker:send_cmd:132 - [WinError 10054] 远程主机强迫关闭了一个现有的连接。
2024-03-12T23:17:44.267623+0800 ERROR [WinError 10054] 远程主机强迫关闭了一个现有的连接。
2024-03-12 23:17:44.267 | ERROR    | tools.socket.server:send_msg:61 - [WinError 10054] 远程主机强迫关闭了一个现有的连接。
2024-03-12 23:17:44.267 | ERROR    | tools.socket.server:send_msg:61 - [WinError 10054] 远程主机强迫关闭了一个现有的连接。
2024-03-12 23:17:44.267 | ERROR    | tools.socket.server:send_msg:61 - [WinError 10054] 远程主机强迫关闭了一个现有的连接。
2024-03-12T23:17:44.269625+0800 ERROR [WinError 10054] 远程主机强迫关闭了一个现有的连接。
2024-03-12 23:17:44.269 | ERROR    | cmd_tools.woker:send_cmd:132 - [WinError 10054] 远程主机强迫关闭了一个现有的连接。
2024-03-12 23:17:44.269 | ERROR    | cmd_tools.woker:send_cmd:132 - [WinError 10054] 远程主机强迫关闭了一个现有的连接。
2024-03-12 23:17:44.269 | ERROR    | cmd_tools.woker:send_cmd:132 - [WinError 10054] 远程主机强迫关闭了一个现有的连接。
2024-03-12T23:17:44.433714+0800 ERROR [WinError 10054] 远程主机强迫关闭了一个现有的连接。
2024-03-12 23:17:44.433 | ERROR    | tools.socket.server:send_msg:61 - [WinError 10054] 远程主机强迫关闭了一个现有的连接。
2024-03-12 23:17:44.433 | ERROR    | tools.socket.server:send_msg:61 - [WinError 10054] 远程主机强迫关闭了一个现有的连接。
2024-03-12 23:17:44.433 | ERROR    | tools.socket.server:send_msg:61 - [WinError 10054] 远程主机强迫关闭了一个现有的连接。
2024-03-12T23:17:44.435715+0800 ERROR [WinError 10054] 远程主机强迫关闭了一个现有的连接。
2024-03-12 23:17:44.435 | ERROR    | cmd_tools.woker:send_cmd:132 - [WinError 10054] 远程主机强迫关闭了一个现有的连接。
2024-03-12 23:17:44.435 | ERROR    | cmd_tools.woker:send_cmd:132 - [WinError 10054] 远程主机强迫关闭了一个现有的连接。
2024-03-12 23:17:44.435 | ERROR    | cmd_tools.woker:send_cmd:132 - [WinError 10054] 远程主机强迫关闭了一个现有的连接。
2024-03-12T23:17:44.586800+0800 ERROR [WinError 10054] 远程主机强迫关闭了一个现有的连接。
2024-03-12 23:17:44.586 | ERROR    | tools.socket.server:send_msg:61 - [WinError 10054] 远程主机强迫关闭了一个现有的连接。
2024-03-12 23:17:44.586 | ERROR    | tools.socket.server:send_msg:61 - [WinError 10054] 远程主机强迫关闭了一个现有的连接。
2024-03-12 23:17:44.586 | ERROR    | tools.socket.server:send_msg:61 - [WinError 10054] 远程主机强迫关闭了一个现有的连接。
2024-03-12T23:17:44.588958+0800 ERROR [WinError 10054] 远程主机强迫关闭了一个现有的连接。
2024-03-12 23:17:44.588 | ERROR    | cmd_tools.woker:send_cmd:132 - [WinError 10054] 远程主机强迫关闭了一个现有的连接。
2024-03-12 23:17:44.588 | ERROR    | cmd_tools.woker:send_cmd:132 - [WinError 10054] 远程主机强迫关闭了一个现有的连接。
2024-03-12 23:17:44.588 | ERROR    | cmd_tools.woker:send_cmd:132 - [WinError 10054] 远程主机强迫关闭了一个现有的连接。
2024-03-12T23:17:44.721627+0800 ERROR [WinError 10054] 远程主机强迫关闭了一个现有的连接。
2024-03-12 23:17:44.721 | ERROR    | tools.socket.server:send_msg:61 - [WinError 10054] 远程主机强迫关闭了一个现有的连接。
2024-03-12 23:17:44.721 | ERROR    | tools.socket.server:send_msg:61 - [WinError 10054] 远程主机强迫关闭了一个现有的连接。
2024-03-12 23:17:44.721 | ERROR    | tools.socket.server:send_msg:61 - [WinError 10054] 远程主机强迫关闭了一个现有的连接。
2024-03-12T23:17:44.724111+0800 ERROR [WinError 10054] 远程主机强迫关闭了一个现有的连接。
2024-03-12 23:17:44.724 | ERROR    | cmd_tools.woker:send_cmd:132 - [WinError 10054] 远程主机强迫关闭了一个现有的连接。
2024-03-12 23:17:44.724 | ERROR    | cmd_tools.woker:send_cmd:132 - [WinError 10054] 远程主机强迫关闭了一个现有的连接。
2024-03-12 23:17:44.724 | ERROR    | cmd_tools.woker:send_cmd:132 - [WinError 10054] 远程主机强迫关闭了一个现有的连接。
2024-03-13T00:08:32.619681+0800 ERROR [WinError 10054] 远程主机强迫关闭了一个现有的连接。
2024-03-13 00:08:32.619 | ERROR    | tools.socket.server:send_msg:67 - [WinError 10054] 远程主机强迫关闭了一个现有的连接。
2024-03-13 00:08:32.619 | ERROR    | tools.socket.server:send_msg:67 - [WinError 10054] 远程主机强迫关闭了一个现有的连接。
2024-03-13 00:08:32.619 | ERROR    | tools.socket.server:send_msg:67 - [WinError 10054] 远程主机强迫关闭了一个现有的连接。
2024-03-22T11:10:38.061599+0800 ERROR redis can not connect
2024-03-22 11:10:38.061 | ERROR    | tools.redis.my_redis:check_if_connectable:133 - redis can not connect
2024-03-22 11:10:38.061 | ERROR    | tools.redis.my_redis:check_if_connectable:133 - redis can not connect
2024-03-22 11:10:38.061 | ERROR    | tools.redis.my_redis:check_if_connectable:133 - redis can not connect
2024-03-22T11:10:41.540677+0800 ERROR redis connect error
2024-03-22 11:10:41.540 | ERROR    | server:check_redis:62 - redis connect error
2024-03-22 11:10:41.540 | ERROR    | server:check_redis:62 - redis connect error
2024-03-22 11:10:41.540 | ERROR    | server:check_redis:62 - redis connect error
2024-03-22T23:58:40.183116+0800 ERROR ip can't connect
2024-03-22 23:58:40.183 | ERROR    | tools.ip.ip_tools:check_ip_if_connectable:68 - ip can't connect
2024-03-22 23:58:40.183 | ERROR    | tools.ip.ip_tools:check_ip_if_connectable:68 - ip can't connect
2024-03-22 23:58:40.183 | ERROR    | tools.ip.ip_tools:check_ip_if_connectable:68 - ip can't connect
2024-03-22T23:58:40.188059+0800 ERROR es host is not connectable
2024-03-22 23:58:40.188 | ERROR    | cmd_tools.woker:__init__:74 - es host is not connectable
2024-03-22 23:58:40.188 | ERROR    | cmd_tools.woker:__init__:74 - es host is not connectable
2024-03-22 23:58:40.188 | ERROR    | cmd_tools.woker:__init__:74 - es host is not connectable
2024-03-23T11:07:38.974902+0800 ERROR ip can't connect
2024-03-23 11:07:38.974 | ERROR    | tools.ip.ip_tools:check_ip_if_connectable:68 - ip can't connect
2024-03-23 11:07:38.974 | ERROR    | tools.ip.ip_tools:check_ip_if_connectable:68 - ip can't connect
2024-03-23 11:07:38.974 | ERROR    | tools.ip.ip_tools:check_ip_if_connectable:68 - ip can't connect
2024-03-23T11:07:38.979902+0800 ERROR es host is not connectable
2024-03-23 11:07:38.979 | ERROR    | cmd_tools.woker:__init__:74 - es host is not connectable
2024-03-23 11:07:38.979 | ERROR    | cmd_tools.woker:__init__:74 - es host is not connectable
2024-03-23 11:07:38.979 | ERROR    | cmd_tools.woker:__init__:74 - es host is not connectable
2024-03-23T11:17:43.667863+0800 ERROR [WinError 10054] 远程主机强迫关闭了一个现有的连接。
2024-03-23 11:17:43.667 | ERROR    | cmd_tools.woker:send_cmd:161 - [WinError 10054] 远程主机强迫关闭了一个现有的连接。
2024-03-23 11:17:43.667 | ERROR    | cmd_tools.woker:send_cmd:161 - [WinError 10054] 远程主机强迫关闭了一个现有的连接。
2024-03-23 11:17:43.667 | ERROR    | cmd_tools.woker:send_cmd:161 - [WinError 10054] 远程主机强迫关闭了一个现有的连接。
2024-03-23T11:18:18.807013+0800 ERROR [WinError 10054] 远程主机强迫关闭了一个现有的连接。
2024-03-23 11:18:18.807 | ERROR    | tools.socket.server:send_msg:67 - [WinError 10054] 远程主机强迫关闭了一个现有的连接。
2024-03-23 11:18:18.807 | ERROR    | tools.socket.server:send_msg:67 - [WinError 10054] 远程主机强迫关闭了一个现有的连接。
2024-03-23 11:18:18.807 | ERROR    | tools.socket.server:send_msg:67 - [WinError 10054] 远程主机强迫关闭了一个现有的连接。
2024-03-23T11:18:22.193937+0800 ERROR [WinError 10054] 远程主机强迫关闭了一个现有的连接。
2024-03-23 11:18:22.193 | ERROR    | tools.socket.server:send_msg:67 - [WinError 10054] 远程主机强迫关闭了一个现有的连接。
2024-03-23 11:18:22.193 | ERROR    | tools.socket.server:send_msg:67 - [WinError 10054] 远程主机强迫关闭了一个现有的连接。
2024-03-23 11:18:22.193 | ERROR    | tools.socket.server:send_msg:67 - [WinError 10054] 远程主机强迫关闭了一个现有的连接。
2024-03-23T11:18:22.200840+0800 ERROR file descriptor cannot be a negative integer (-1)
2024-03-23 11:18:22.200 | ERROR    | cmd_tools.woker:send_cmd:161 - file descriptor cannot be a negative integer (-1)
2024-03-23 11:18:22.200 | ERROR    | cmd_tools.woker:send_cmd:161 - file descriptor cannot be a negative integer (-1)
2024-03-23 11:18:22.200 | ERROR    | cmd_tools.woker:send_cmd:161 - file descriptor cannot be a negative integer (-1)
2024-03-23T11:20:22.227624+0800 ERROR [WinError 10054] 远程主机强迫关闭了一个现有的连接。
2024-03-23 11:20:22.227 | ERROR    | tools.socket.server:send_msg:67 - [WinError 10054] 远程主机强迫关闭了一个现有的连接。
2024-03-23 11:20:22.227 | ERROR    | tools.socket.server:send_msg:67 - [WinError 10054] 远程主机强迫关闭了一个现有的连接。
2024-03-23 11:20:22.227 | ERROR    | tools.socket.server:send_msg:67 - [WinError 10054] 远程主机强迫关闭了一个现有的连接。
2024-03-23T11:39:22.400493+0800 ERROR [WinError 10054] 远程主机强迫关闭了一个现有的连接。
2024-03-23 11:39:22.400 | ERROR    | tools.socket.server:send_msg:67 - [WinError 10054] 远程主机强迫关闭了一个现有的连接。
2024-03-23 11:39:22.400 | ERROR    | tools.socket.server:send_msg:67 - [WinError 10054] 远程主机强迫关闭了一个现有的连接。
2024-03-23 11:39:22.400 | ERROR    | tools.socket.server:send_msg:67 - [WinError 10054] 远程主机强迫关闭了一个现有的连接。
2024-03-23T11:48:17.885747+0800 ERROR [WinError 10054] 远程主机强迫关闭了一个现有的连接。
2024-03-23 11:48:17.885 | ERROR    | tools.socket.server:send_msg:67 - [WinError 10054] 远程主机强迫关闭了一个现有的连接。
2024-03-23 11:48:17.885 | ERROR    | tools.socket.server:send_msg:67 - [WinError 10054] 远程主机强迫关闭了一个现有的连接。
2024-03-23 11:48:17.885 | ERROR    | tools.socket.server:send_msg:67 - [WinError 10054] 远程主机强迫关闭了一个现有的连接。
2024-03-23T11:48:17.886747+0800 ERROR [WinError 10054] 远程主机强迫关闭了一个现有的连接。
2024-03-23 11:48:17.886 | ERROR    | cmd_tools.woker:send_cmd:165 - [WinError 10054] 远程主机强迫关闭了一个现有的连接。
2024-03-23 11:48:17.886 | ERROR    | cmd_tools.woker:send_cmd:165 - [WinError 10054] 远程主机强迫关闭了一个现有的连接。
2024-03-23 11:48:17.886 | ERROR    | cmd_tools.woker:send_cmd:165 - [WinError 10054] 远程主机强迫关闭了一个现有的连接。
2024-03-23T11:49:17.898679+0800 ERROR [WinError 10054] 远程主机强迫关闭了一个现有的连接。
2024-03-23 11:49:17.898 | ERROR    | tools.socket.server:send_msg:67 - [WinError 10054] 远程主机强迫关闭了一个现有的连接。
2024-03-23 11:49:17.898 | ERROR    | tools.socket.server:send_msg:67 - [WinError 10054] 远程主机强迫关闭了一个现有的连接。
2024-03-23 11:49:17.898 | ERROR    | tools.socket.server:send_msg:67 - [WinError 10054] 远程主机强迫关闭了一个现有的连接。
2024-03-23T12:17:55.470427+0800 ERROR tuple index out of range
2024-03-23 12:17:55.470 | ERROR    | cmd_tools.woker:send_cmd:187 - tuple index out of range
2024-03-23 12:17:55.470 | ERROR    | cmd_tools.woker:send_cmd:187 - tuple index out of range
2024-03-23 12:17:55.470 | ERROR    | cmd_tools.woker:send_cmd:187 - tuple index out of range
2024-03-23T13:52:40.213916+0800 ERROR [WinError 10053] 你的主机中的软件中止了一个已建立的连接。
2024-03-23 13:52:40.213 | ERROR    | cmd_tools.woker:send_cmd:167 - [WinError 10053] 你的主机中的软件中止了一个已建立的连接。
2024-03-23 13:52:40.213 | ERROR    | cmd_tools.woker:send_cmd:167 - [WinError 10053] 你的主机中的软件中止了一个已建立的连接。
2024-03-23 13:52:40.213 | ERROR    | cmd_tools.woker:send_cmd:167 - [WinError 10053] 你的主机中的软件中止了一个已建立的连接。
2024-03-23T13:52:40.220814+0800 ERROR [WinError 10053] 你的主机中的软件中止了一个已建立的连接。
2024-03-23 13:52:40.220 | ERROR    | tools.socket.server:send_msg:67 - [WinError 10053] 你的主机中的软件中止了一个已建立的连接。
2024-03-23 13:52:40.220 | ERROR    | tools.socket.server:send_msg:67 - [WinError 10053] 你的主机中的软件中止了一个已建立的连接。
2024-03-23 13:52:40.220 | ERROR    | tools.socket.server:send_msg:67 - [WinError 10053] 你的主机中的软件中止了一个已建立的连接。
2024-03-30T14:14:10.872031+0800 ERROR [WinError 10054] 远程主机强迫关闭了一个现有的连接。
2024-03-30 14:14:10.872 | ERROR    | tools.socket.server:send_msg:67 - [WinError 10054] 远程主机强迫关闭了一个现有的连接。
2024-03-30 14:14:10.872 | ERROR    | tools.socket.server:send_msg:67 - [WinError 10054] 远程主机强迫关闭了一个现有的连接。
2024-03-30 14:14:10.872 | ERROR    | tools.socket.server:send_msg:67 - [WinError 10054] 远程主机强迫关闭了一个现有的连接。
2024-03-30T14:43:58.052179+0800 ERROR [WinError 10054] 远程主机强迫关闭了一个现有的连接。
2024-03-30 14:43:58.052 | ERROR    | tools.socket.server:send_msg:67 - [WinError 10054] 远程主机强迫关闭了一个现有的连接。
2024-03-30 14:43:58.052 | ERROR    | tools.socket.server:send_msg:67 - [WinError 10054] 远程主机强迫关闭了一个现有的连接。
2024-03-30 14:43:58.052 | ERROR    | tools.socket.server:send_msg:67 - [WinError 10054] 远程主机强迫关闭了一个现有的连接。
2024-03-30T14:45:58.083474+0800 ERROR [WinError 10054] 远程主机强迫关闭了一个现有的连接。
2024-03-30 14:45:58.083 | ERROR    | tools.socket.server:send_msg:67 - [WinError 10054] 远程主机强迫关闭了一个现有的连接。
2024-03-30 14:45:58.083 | ERROR    | tools.socket.server:send_msg:67 - [WinError 10054] 远程主机强迫关闭了一个现有的连接。
2024-03-30 14:45:58.083 | ERROR    | tools.socket.server:send_msg:67 - [WinError 10054] 远程主机强迫关闭了一个现有的连接。
2024-03-30T14:46:58.100597+0800 ERROR [WinError 10054] 远程主机强迫关闭了一个现有的连接。
2024-03-30 14:46:58.100 | ERROR    | tools.socket.server:send_msg:67 - [WinError 10054] 远程主机强迫关闭了一个现有的连接。
2024-03-30 14:46:58.100 | ERROR    | tools.socket.server:send_msg:67 - [WinError 10054] 远程主机强迫关闭了一个现有的连接。
2024-03-30 14:46:58.100 | ERROR    | tools.socket.server:send_msg:67 - [WinError 10054] 远程主机强迫关闭了一个现有的连接。
2024-03-30T14:48:58.122930+0800 ERROR [WinError 10054] 远程主机强迫关闭了一个现有的连接。
2024-03-30 14:48:58.122 | ERROR    | tools.socket.server:send_msg:67 - [WinError 10054] 远程主机强迫关闭了一个现有的连接。
2024-03-30 14:48:58.122 | ERROR    | tools.socket.server:send_msg:67 - [WinError 10054] 远程主机强迫关闭了一个现有的连接。
2024-03-30 14:48:58.122 | ERROR    | tools.socket.server:send_msg:67 - [WinError 10054] 远程主机强迫关闭了一个现有的连接。
2024-03-30T14:49:58.132364+0800 ERROR [WinError 10054] 远程主机强迫关闭了一个现有的连接。
2024-03-30 14:49:58.132 | ERROR    | tools.socket.server:send_msg:67 - [WinError 10054] 远程主机强迫关闭了一个现有的连接。
2024-03-30 14:49:58.132 | ERROR    | tools.socket.server:send_msg:67 - [WinError 10054] 远程主机强迫关闭了一个现有的连接。
2024-03-30 14:49:58.132 | ERROR    | tools.socket.server:send_msg:67 - [WinError 10054] 远程主机强迫关闭了一个现有的连接。
2024-03-30T14:54:58.294651+0800 ERROR [WinError 10054] 远程主机强迫关闭了一个现有的连接。
2024-03-30 14:54:58.294 | ERROR    | tools.socket.server:send_msg:67 - [WinError 10054] 远程主机强迫关闭了一个现有的连接。
2024-03-30 14:54:58.294 | ERROR    | tools.socket.server:send_msg:67 - [WinError 10054] 远程主机强迫关闭了一个现有的连接。
2024-03-30 14:54:58.294 | ERROR    | tools.socket.server:send_msg:67 - [WinError 10054] 远程主机强迫关闭了一个现有的连接。
2024-04-03T00:01:17.346082+0800 ERROR [WinError 10053] 你的主机中的软件中止了一个已建立的连接。
2024-04-03 00:01:17.346 | ERROR    | tools.socket.server:send_msg:67 - [WinError 10053] 你的主机中的软件中止了一个已建立的连接。
2024-04-03 00:01:17.346 | ERROR    | tools.socket.server:send_msg:67 - [WinError 10053] 你的主机中的软件中止了一个已建立的连接。
2024-04-03 00:01:17.346 | ERROR    | tools.socket.server:send_msg:67 - [WinError 10053] 你的主机中的软件中止了一个已建立的连接。
2024-04-03T00:03:17.361638+0800 ERROR [WinError 10053] 你的主机中的软件中止了一个已建立的连接。
2024-04-03 00:03:17.361 | ERROR    | tools.socket.server:send_msg:67 - [WinError 10053] 你的主机中的软件中止了一个已建立的连接。
2024-04-03 00:03:17.361 | ERROR    | tools.socket.server:send_msg:67 - [WinError 10053] 你的主机中的软件中止了一个已建立的连接。
2024-04-03 00:03:17.361 | ERROR    | tools.socket.server:send_msg:67 - [WinError 10053] 你的主机中的软件中止了一个已建立的连接。
2024-04-03T00:05:17.381517+0800 ERROR [WinError 10053] 你的主机中的软件中止了一个已建立的连接。
2024-04-03 00:05:17.381 | ERROR    | tools.socket.server:send_msg:67 - [WinError 10053] 你的主机中的软件中止了一个已建立的连接。
2024-04-03 00:05:17.381 | ERROR    | tools.socket.server:send_msg:67 - [WinError 10053] 你的主机中的软件中止了一个已建立的连接。
2024-04-03 00:05:17.381 | ERROR    | tools.socket.server:send_msg:67 - [WinError 10053] 你的主机中的软件中止了一个已建立的连接。
2024-04-03T00:08:17.410788+0800 ERROR [WinError 10053] 你的主机中的软件中止了一个已建立的连接。
2024-04-03 00:08:17.410 | ERROR    | tools.socket.server:send_msg:67 - [WinError 10053] 你的主机中的软件中止了一个已建立的连接。
2024-04-03 00:08:17.410 | ERROR    | tools.socket.server:send_msg:67 - [WinError 10053] 你的主机中的软件中止了一个已建立的连接。
2024-04-03 00:08:17.410 | ERROR    | tools.socket.server:send_msg:67 - [WinError 10053] 你的主机中的软件中止了一个已建立的连接。
2024-04-03T00:10:17.428888+0800 ERROR [WinError 10053] 你的主机中的软件中止了一个已建立的连接。
2024-04-03 00:10:17.428 | ERROR    | tools.socket.server:send_msg:67 - [WinError 10053] 你的主机中的软件中止了一个已建立的连接。
2024-04-03 00:10:17.428 | ERROR    | tools.socket.server:send_msg:67 - [WinError 10053] 你的主机中的软件中止了一个已建立的连接。
2024-04-03 00:10:17.428 | ERROR    | tools.socket.server:send_msg:67 - [WinError 10053] 你的主机中的软件中止了一个已建立的连接。
2024-04-03T00:11:17.440075+0800 ERROR [WinError 10053] 你的主机中的软件中止了一个已建立的连接。
2024-04-03 00:11:17.440 | ERROR    | tools.socket.server:send_msg:67 - [WinError 10053] 你的主机中的软件中止了一个已建立的连接。
2024-04-03 00:11:17.440 | ERROR    | tools.socket.server:send_msg:67 - [WinError 10053] 你的主机中的软件中止了一个已建立的连接。
2024-04-03 00:11:17.440 | ERROR    | tools.socket.server:send_msg:67 - [WinError 10053] 你的主机中的软件中止了一个已建立的连接。
2024-04-03T00:14:17.460802+0800 ERROR [WinError 10053] 你的主机中的软件中止了一个已建立的连接。
2024-04-03 00:14:17.460 | ERROR    | tools.socket.server:send_msg:67 - [WinError 10053] 你的主机中的软件中止了一个已建立的连接。
2024-04-03 00:14:17.460 | ERROR    | tools.socket.server:send_msg:67 - [WinError 10053] 你的主机中的软件中止了一个已建立的连接。
2024-04-03 00:14:17.460 | ERROR    | tools.socket.server:send_msg:67 - [WinError 10053] 你的主机中的软件中止了一个已建立的连接。
2024-04-03T00:16:17.480690+0800 ERROR [WinError 10053] 你的主机中的软件中止了一个已建立的连接。
2024-04-03 00:16:17.480 | ERROR    | tools.socket.server:send_msg:67 - [WinError 10053] 你的主机中的软件中止了一个已建立的连接。
2024-04-03 00:16:17.480 | ERROR    | tools.socket.server:send_msg:67 - [WinError 10053] 你的主机中的软件中止了一个已建立的连接。
2024-04-03 00:16:17.480 | ERROR    | tools.socket.server:send_msg:67 - [WinError 10053] 你的主机中的软件中止了一个已建立的连接。
2024-04-03T00:42:52.063523+0800 ERROR [WinError 10053] 你的主机中的软件中止了一个已建立的连接。
2024-04-03 00:42:52.063 | ERROR    | tools.socket.server:send_msg:67 - [WinError 10053] 你的主机中的软件中止了一个已建立的连接。
2024-04-03 00:42:52.063 | ERROR    | tools.socket.server:send_msg:67 - [WinError 10053] 你的主机中的软件中止了一个已建立的连接。
2024-04-03 00:42:52.063 | ERROR    | tools.socket.server:send_msg:67 - [WinError 10053] 你的主机中的软件中止了一个已建立的连接。
2024-04-03T21:09:27.090509+0800 ERROR [WinError 10053] 你的主机中的软件中止了一个已建立的连接。
2024-04-03 21:09:27.090 | ERROR    | tools.socket.server:send_msg:67 - [WinError 10053] 你的主机中的软件中止了一个已建立的连接。
2024-04-03 21:09:27.090 | ERROR    | tools.socket.server:send_msg:67 - [WinError 10053] 你的主机中的软件中止了一个已建立的连接。
2024-04-03 21:09:27.090 | ERROR    | tools.socket.server:send_msg:67 - [WinError 10053] 你的主机中的软件中止了一个已建立的连接。
2024-04-03T21:11:27.127318+0800 ERROR [WinError 10053] 你的主机中的软件中止了一个已建立的连接。
2024-04-03 21:11:27.127 | ERROR    | tools.socket.server:send_msg:67 - [WinError 10053] 你的主机中的软件中止了一个已建立的连接。
2024-04-03 21:11:27.127 | ERROR    | tools.socket.server:send_msg:67 - [WinError 10053] 你的主机中的软件中止了一个已建立的连接。
2024-04-03 21:11:27.127 | ERROR    | tools.socket.server:send_msg:67 - [WinError 10053] 你的主机中的软件中止了一个已建立的连接。
2024-04-03T21:33:27.338542+0800 ERROR [WinError 10053] 你的主机中的软件中止了一个已建立的连接。
2024-04-03 21:33:27.338 | ERROR    | tools.socket.server:send_msg:67 - [WinError 10053] 你的主机中的软件中止了一个已建立的连接。
2024-04-03 21:33:27.338 | ERROR    | tools.socket.server:send_msg:67 - [WinError 10053] 你的主机中的软件中止了一个已建立的连接。
2024-04-03 21:33:27.338 | ERROR    | tools.socket.server:send_msg:67 - [WinError 10053] 你的主机中的软件中止了一个已建立的连接。
2024-04-03T21:51:03.135234+0800 ERROR [WinError 10053] 你的主机中的软件中止了一个已建立的连接。
2024-04-03 21:51:03.135 | ERROR    | tools.socket.server:send_msg:67 - [WinError 10053] 你的主机中的软件中止了一个已建立的连接。
2024-04-03 21:51:03.135 | ERROR    | tools.socket.server:send_msg:67 - [WinError 10053] 你的主机中的软件中止了一个已建立的连接。
2024-04-03 21:51:03.135 | ERROR    | tools.socket.server:send_msg:67 - [WinError 10053] 你的主机中的软件中止了一个已建立的连接。
2024-04-03T21:54:03.163561+0800 ERROR [WinError 10053] 你的主机中的软件中止了一个已建立的连接。
2024-04-03 21:54:03.163 | ERROR    | tools.socket.server:send_msg:67 - [WinError 10053] 你的主机中的软件中止了一个已建立的连接。
2024-04-03 21:54:03.163 | ERROR    | tools.socket.server:send_msg:67 - [WinError 10053] 你的主机中的软件中止了一个已建立的连接。
2024-04-03 21:54:03.163 | ERROR    | tools.socket.server:send_msg:67 - [WinError 10053] 你的主机中的软件中止了一个已建立的连接。
2024-04-03T21:56:03.168614+0800 ERROR [WinError 10053] 你的主机中的软件中止了一个已建立的连接。
2024-04-03 21:56:03.168 | ERROR    | tools.socket.server:send_msg:67 - [WinError 10053] 你的主机中的软件中止了一个已建立的连接。
2024-04-03 21:56:03.168 | ERROR    | tools.socket.server:send_msg:67 - [WinError 10053] 你的主机中的软件中止了一个已建立的连接。
2024-04-03 21:56:03.168 | ERROR    | tools.socket.server:send_msg:67 - [WinError 10053] 你的主机中的软件中止了一个已建立的连接。
2024-04-03T22:08:03.270670+0800 ERROR [WinError 10053] 你的主机中的软件中止了一个已建立的连接。
2024-04-03 22:08:03.270 | ERROR    | tools.socket.server:send_msg:67 - [WinError 10053] 你的主机中的软件中止了一个已建立的连接。
2024-04-03 22:08:03.270 | ERROR    | tools.socket.server:send_msg:67 - [WinError 10053] 你的主机中的软件中止了一个已建立的连接。
2024-04-03 22:08:03.270 | ERROR    | tools.socket.server:send_msg:67 - [WinError 10053] 你的主机中的软件中止了一个已建立的连接。
2024-04-03T23:44:26.169183+0800 ERROR ip can't connect
2024-04-03 23:44:26.169 | ERROR    | tools.ip.ip_tools:check_ip_if_connectable:68 - ip can't connect
2024-04-03 23:44:26.169 | ERROR    | tools.ip.ip_tools:check_ip_if_connectable:68 - ip can't connect
2024-04-03 23:44:26.169 | ERROR    | tools.ip.ip_tools:check_ip_if_connectable:68 - ip can't connect
2024-04-03T23:44:26.172167+0800 ERROR es host is not connectable
2024-04-03 23:44:26.172 | ERROR    | cmd_tools.woker:__init__:74 - es host is not connectable
2024-04-03 23:44:26.172 | ERROR    | cmd_tools.woker:__init__:74 - es host is not connectable
2024-04-03 23:44:26.172 | ERROR    | cmd_tools.woker:__init__:74 - es host is not connectable
2024-04-03T23:44:46.641303+0800 ERROR redis can not connect
2024-04-03 23:44:46.641 | ERROR    | tools.redis.my_redis:check_if_connectable:133 - redis can not connect
2024-04-03 23:44:46.641 | ERROR    | tools.redis.my_redis:check_if_connectable:133 - redis can not connect
2024-04-03 23:44:46.641 | ERROR    | tools.redis.my_redis:check_if_connectable:133 - redis can not connect
2024-04-03T23:45:12.696767+0800 ERROR redis can not connect
2024-04-03 23:45:12.696 | ERROR    | tools.redis.my_redis:check_if_connectable:133 - redis can not connect
2024-04-03 23:45:12.696 | ERROR    | tools.redis.my_redis:check_if_connectable:133 - redis can not connect
2024-04-03 23:45:12.696 | ERROR    | tools.redis.my_redis:check_if_connectable:133 - redis can not connect
2024-04-04T00:41:26.749988+0800 ERROR [WinError 10054] 远程主机强迫关闭了一个现有的连接。
2024-04-04 00:41:26.749 | ERROR    | tools.socket.server:send_msg:67 - [WinError 10054] 远程主机强迫关闭了一个现有的连接。
2024-04-04 00:41:26.749 | ERROR    | tools.socket.server:send_msg:67 - [WinError 10054] 远程主机强迫关闭了一个现有的连接。
2024-04-04 00:41:26.749 | ERROR    | tools.socket.server:send_msg:67 - [WinError 10054] 远程主机强迫关闭了一个现有的连接。
2024-04-04T00:43:26.804893+0800 ERROR [WinError 10053] 你的主机中的软件中止了一个已建立的连接。
2024-04-04 00:43:26.804 | ERROR    | tools.socket.server:send_msg:67 - [WinError 10053] 你的主机中的软件中止了一个已建立的连接。
2024-04-04 00:43:26.804 | ERROR    | tools.socket.server:send_msg:67 - [WinError 10053] 你的主机中的软件中止了一个已建立的连接。
2024-04-04 00:43:26.804 | ERROR    | tools.socket.server:send_msg:67 - [WinError 10053] 你的主机中的软件中止了一个已建立的连接。
2024-04-04T00:59:26.951892+0800 ERROR [WinError 10053] 你的主机中的软件中止了一个已建立的连接。
2024-04-04 00:59:26.951 | ERROR    | tools.socket.server:send_msg:67 - [WinError 10053] 你的主机中的软件中止了一个已建立的连接。
2024-04-04 00:59:26.951 | ERROR    | tools.socket.server:send_msg:67 - [WinError 10053] 你的主机中的软件中止了一个已建立的连接。
2024-04-04 00:59:26.951 | ERROR    | tools.socket.server:send_msg:67 - [WinError 10053] 你的主机中的软件中止了一个已建立的连接。
2024-04-04T01:00:26.962169+0800 ERROR [WinError 10053] 你的主机中的软件中止了一个已建立的连接。
2024-04-04 01:00:26.962 | ERROR    | tools.socket.server:send_msg:67 - [WinError 10053] 你的主机中的软件中止了一个已建立的连接。
2024-04-04 01:00:26.962 | ERROR    | tools.socket.server:send_msg:67 - [WinError 10053] 你的主机中的软件中止了一个已建立的连接。
2024-04-04 01:00:26.962 | ERROR    | tools.socket.server:send_msg:67 - [WinError 10053] 你的主机中的软件中止了一个已建立的连接。
2024-04-04T01:12:27.101043+0800 ERROR [WinError 10054] 远程主机强迫关闭了一个现有的连接。
2024-04-04 01:12:27.101 | ERROR    | tools.socket.server:send_msg:67 - [WinError 10054] 远程主机强迫关闭了一个现有的连接。
2024-04-04 01:12:27.101 | ERROR    | tools.socket.server:send_msg:67 - [WinError 10054] 远程主机强迫关闭了一个现有的连接。
2024-04-04 01:12:27.101 | ERROR    | tools.socket.server:send_msg:67 - [WinError 10054] 远程主机强迫关闭了一个现有的连接。
2024-04-04T01:44:39.515623+0800 ERROR [WinError 10054] 远程主机强迫关闭了一个现有的连接。
2024-04-04 01:44:39.515 | ERROR    | tools.socket.server:send_msg:67 - [WinError 10054] 远程主机强迫关闭了一个现有的连接。
2024-04-04 01:44:39.515 | ERROR    | tools.socket.server:send_msg:67 - [WinError 10054] 远程主机强迫关闭了一个现有的连接。
2024-04-04 01:44:39.515 | ERROR    | tools.socket.server:send_msg:67 - [WinError 10054] 远程主机强迫关闭了一个现有的连接。
2024-04-04T01:45:39.886324+0800 ERROR [WinError 10054] 远程主机强迫关闭了一个现有的连接。
2024-04-04 01:45:39.886 | ERROR    | tools.socket.server:send_msg:67 - [WinError 10054] 远程主机强迫关闭了一个现有的连接。
2024-04-04 01:45:39.886 | ERROR    | tools.socket.server:send_msg:67 - [WinError 10054] 远程主机强迫关闭了一个现有的连接。
2024-04-04 01:45:39.886 | ERROR    | tools.socket.server:send_msg:67 - [WinError 10054] 远程主机强迫关闭了一个现有的连接。
2024-04-04T08:59:11.833398+0800 ERROR ip can't connect
2024-04-04 08:59:11.833 | ERROR    | tools.ip.ip_tools:check_ip_if_connectable:68 - ip can't connect
2024-04-04 08:59:11.833 | ERROR    | tools.ip.ip_tools:check_ip_if_connectable:68 - ip can't connect
2024-04-04 08:59:11.833 | ERROR    | tools.ip.ip_tools:check_ip_if_connectable:68 - ip can't connect
2024-04-04T08:59:11.836413+0800 ERROR es host is not connectable
2024-04-04 08:59:11.836 | ERROR    | cmd_tools.woker:__init__:74 - es host is not connectable
2024-04-04 08:59:11.836 | ERROR    | cmd_tools.woker:__init__:74 - es host is not connectable
2024-04-04 08:59:11.836 | ERROR    | cmd_tools.woker:__init__:74 - es host is not connectable
